<?xml version="1.0" encoding="UTF-8"?>
<!-- Generated by org.testng.reporters.JUnitReportReporter -->
<testsuite hostname="IBM-PF38GB91" failures="0" tests="3" name="tests.LoginTest" time="93.379" errors="0" timestamp="2025-10-04T17:50:53 IST" skipped="0">
  <testcase classname="tests.LoginTest" name="testLogin" time="30.885"/>
  <system-out/>
  <testcase classname="tests.LoginTest" name="testLogin" time="31.160"/>
  <system-out/>
  <testcase classname="tests.LoginTest" name="testLogin" time="31.334"/>
  <system-out/>
</testsuite> <!-- tests.LoginTest -->
